gnupg-pkcs11-scd[3446.1719580480]: version: 0.9.2
gnupg-pkcs11-scd[3446.1719580480]: config: debug=1, verbose=1
gnupg-pkcs11-scd[3446.1719580480]: config: pin_cache=-1
gnupg-pkcs11-scd[3446.1719580480]: config: provider: name=p1, library=/usr/lib/librtpkcs11ecp.so, allow_protected=0, cert_is_private=0, private_mask=00000000
gnupg-pkcs11-scd[3446.1719580480]: run_mode: 3
gnupg-pkcs11-scd[3446.1719580480]: crypto: openssl
gnupg-pkcs11-scd[3447.1719580480]: PKCS#11: pkcs11h_addProvider entry version='1.25.1', pid=3447, reference='p1', provider_location='/usr/lib/librtpkcs11ecp.so', allow_protected_auth=0, mask_private_mode=00000000, cert_is_private=0
gnupg-pkcs11-scd[3447.1719580480]: PKCS#11: Adding provider 'p1'-'/usr/lib/librtpkcs11ecp.so'
gnupg-pkcs11-scd[3447.1719580480]: PKCS#11: pkcs11h_addProvider Provider 'p1' manufacturerID 'Aktiv Co.'
gnupg-pkcs11-scd[3447.1719580480]: PKCS#11: _pkcs11h_slotevent_notify entry
gnupg-pkcs11-scd[3447.1719580480]: PKCS#11: _pkcs11h_slotevent_notify return
gnupg-pkcs11-scd[3447.1719580480]: PKCS#11: Provider 'p1' added rv=0-'CKR_OK'
gnupg-pkcs11-scd[3447.1719580480]: PKCS#11: pkcs11h_addProvider return rv=0-'CKR_OK'
gnupg-pkcs11-scd[3447.1719580480]: Listening to socket '/tmp/gnupg-pkcs11-scd.Wyk6n5/agent.S'
gnupg-pkcs11-scd[3481.918992704]: version: 0.9.2
gnupg-pkcs11-scd[3481.918992704]: config: debug=1, verbose=1
gnupg-pkcs11-scd[3481.918992704]: config: pin_cache=-1
gnupg-pkcs11-scd[3481.918992704]: config: provider: name=p1, library=/usr/lib/librtpkcs11ecp.so, allow_protected=0, cert_is_private=0, private_mask=00000000
gnupg-pkcs11-scd[3481.918992704]: run_mode: 2
gnupg-pkcs11-scd[3481.918992704]: crypto: openssl
gnupg-pkcs11-scd[3481.918992704]: PKCS#11: pkcs11h_addProvider entry version='1.25.1', pid=3481, reference='p1', provider_location='/usr/lib/librtpkcs11ecp.so', allow_protected_auth=0, mask_private_mode=00000000, cert_is_private=0
gnupg-pkcs11-scd[3481.918992704]: PKCS#11: Adding provider 'p1'-'/usr/lib/librtpkcs11ecp.so'
gnupg-pkcs11-scd[3481.918992704]: PKCS#11: pkcs11h_addProvider Provider 'p1' manufacturerID 'Aktiv Co.'
gnupg-pkcs11-scd[3481.918992704]: PKCS#11: _pkcs11h_slotevent_notify entry
gnupg-pkcs11-scd[3481.918992704]: PKCS#11: _pkcs11h_slotevent_notify return
gnupg-pkcs11-scd[3481.918992704]: PKCS#11: Provider 'p1' added rv=0-'CKR_OK'
gnupg-pkcs11-scd[3481.918992704]: PKCS#11: pkcs11h_addProvider return rv=0-'CKR_OK'
gnupg-pkcs11-scd[3481.918992704]: Listening to socket '/tmp/gnupg-pkcs11-scd.NsJuxO/agent.S'
gnupg-pkcs11-scd[3481.918992704]: accepting connection
gnupg-pkcs11-scd[3481]: chan_0 -> OK PKCS#11 smart-card server for GnuPG ready
gnupg-pkcs11-scd[3481.918992704]: processing connection
gnupg-pkcs11-scd[3481]: chan_0 <- GETINFO socket_name
gnupg-pkcs11-scd[3481]: chan_0 -> D /tmp/gnupg-pkcs11-scd.NsJuxO/agent.S
gnupg-pkcs11-scd[3481]: chan_0 -> OK
gnupg-pkcs11-scd[3481]: chan_0 <- OPTION event-signal=12
gnupg-pkcs11-scd[3481]: chan_0 -> OK
gnupg-pkcs11-scd[3481]: chan_0 <- GETINFO version
gnupg-pkcs11-scd[3481]: chan_0 -> D 0.9.2
gnupg-pkcs11-scd[3481]: chan_0 -> OK
gnupg-pkcs11-scd[3481]: chan_0 <- SERIALNO openpgp
gnupg-pkcs11-scd[3481.918992704]: PKCS#11: pkcs11h_token_enumTokenIds entry method=1, p_token_id_list=0x7ffc945114f0
gnupg-pkcs11-scd[3481.918992704]: PKCS#11: _pkcs11h_session_getSlotList entry provider=0x560f689f2090, token_present=1, pSlotList=0x7ffc945113b8, pulCount=0x7ffc945113c0
gnupg-pkcs11-scd[3481.918992704]: PKCS#11: _pkcs11h_session_getSlotList return rv=0-'CKR_OK' *pulCount=1
gnupg-pkcs11-scd[3481.918992704]: PKCS#11: _pkcs11h_token_getTokenId entry p_token_id=0x560f68a226c8
gnupg-pkcs11-scd[3481.918992704]: PKCS#11: _pkcs11h_token_newTokenId entry p_token_id=0x7ffc94511350
gnupg-pkcs11-scd[3481.918992704]: PKCS#11: _pkcs11h_token_newTokenId return rv=0-'CKR_OK', *p_token_id=0x560f68a228f0
gnupg-pkcs11-scd[3481.918992704]: PKCS#11: _pkcs11h_token_getTokenId return rv=0-'CKR_OK', *p_token_id=0x560f68a228f0
gnupg-pkcs11-scd[3481.918992704]: PKCS#11: pkcs11h_token_enumTokenIds return rv=0-'CKR_OK', *p_token_id_list=0x7ffc945114f0
gnupg-pkcs11-scd[3481.918992704]: PKCS#11: pkcs11h_token_serializeTokenId entry sz=(nil), *max=0000000000000000, token_id=0x560f68a228f0
gnupg-pkcs11-scd[3481.918992704]: PKCS#11: pkcs11h_token_serializeTokenId return rv=0-'CKR_OK', *max=0000000000000035, sz='(null)'
gnupg-pkcs11-scd[3481.918992704]: PKCS#11: pkcs11h_token_serializeTokenId entry sz=0x560f68a228b0, *max=0000000000000035, token_id=0x560f68a228f0
gnupg-pkcs11-scd[3481.918992704]: PKCS#11: pkcs11h_token_serializeTokenId return rv=0-'CKR_OK', *max=0000000000000035, sz='Aktiv\x20Co\x2E/Rutoken\x20ECP/35715afc/rutoken_blue'
gnupg-pkcs11-scd[3481.918992704]: PKCS#11: pkcs11h_token_freeTokenIdList entry token_id_list=0x560f68a226c0
gnupg-pkcs11-scd[3481.918992704]: PKCS#11: pkcs11h_token_freeTokenId entry certificate_id=0x560f68a228f0
gnupg-pkcs11-scd[3481.918992704]: PKCS#11: pkcs11h_token_freeTokenId return
gnupg-pkcs11-scd[3481.918992704]: PKCS#11: pkcs11h_token_freeTokenIdList return
gnupg-pkcs11-scd[3481]: chan_0 -> S SERIALNO D2760001240111503131CBAA96721111 0
gnupg-pkcs11-scd[3481]: chan_0 -> OK
gnupg-pkcs11-scd[3481]: chan_0 <- LEARN --force
gnupg-pkcs11-scd[3481.918992704]: PKCS#11: pkcs11h_token_enumTokenIds entry method=1, p_token_id_list=0x7ffc945118f0
gnupg-pkcs11-scd[3481.918992704]: PKCS#11: _pkcs11h_session_getSlotList entry provider=0x560f689f2090, token_present=1, pSlotList=0x7ffc945117b8, pulCount=0x7ffc945117c0
gnupg-pkcs11-scd[3481.918992704]: PKCS#11: _pkcs11h_session_getSlotList return rv=0-'CKR_OK' *pulCount=1
gnupg-pkcs11-scd[3481.918992704]: PKCS#11: _pkcs11h_token_getTokenId entry p_token_id=0x560f68a226a8
gnupg-pkcs11-scd[3481.918992704]: PKCS#11: _pkcs11h_token_newTokenId entry p_token_id=0x7ffc94511750
gnupg-pkcs11-scd[3481.918992704]: PKCS#11: _pkcs11h_token_newTokenId return rv=0-'CKR_OK', *p_token_id=0x560f68a229f0
gnupg-pkcs11-scd[3481.918992704]: PKCS#11: _pkcs11h_token_getTokenId return rv=0-'CKR_OK', *p_token_id=0x560f68a229f0
gnupg-pkcs11-scd[3481.918992704]: PKCS#11: pkcs11h_token_enumTokenIds return rv=0-'CKR_OK', *p_token_id_list=0x7ffc945118f0
gnupg-pkcs11-scd[3481.918992704]: PKCS#11: pkcs11h_token_serializeTokenId entry sz=(nil), *max=0000000000000000, token_id=0x560f68a229f0
gnupg-pkcs11-scd[3481.918992704]: PKCS#11: pkcs11h_token_serializeTokenId return rv=0-'CKR_OK', *max=0000000000000035, sz='(null)'
gnupg-pkcs11-scd[3481.918992704]: PKCS#11: pkcs11h_token_serializeTokenId entry sz=0x560f68a229b0, *max=0000000000000035, token_id=0x560f68a229f0
gnupg-pkcs11-scd[3481.918992704]: PKCS#11: pkcs11h_token_serializeTokenId return rv=0-'CKR_OK', *max=0000000000000035, sz='Aktiv\x20Co\x2E/Rutoken\x20ECP/35715afc/rutoken_blue'
gnupg-pkcs11-scd[3481.918992704]: PKCS#11: pkcs11h_token_freeTokenIdList entry token_id_list=0x560f68a226a0
gnupg-pkcs11-scd[3481.918992704]: PKCS#11: pkcs11h_token_freeTokenId entry certificate_id=0x560f68a229f0
gnupg-pkcs11-scd[3481.918992704]: PKCS#11: pkcs11h_token_freeTokenId return
gnupg-pkcs11-scd[3481.918992704]: PKCS#11: pkcs11h_token_freeTokenIdList return
gnupg-pkcs11-scd[3481]: chan_0 -> S SERIALNO D2760001240111503131CBAA96721111
gnupg-pkcs11-scd[3481]: chan_0 -> S APPTYPE PKCS11
gnupg-pkcs11-scd[3481.918992704]: PKCS#11: pkcs11h_certificate_enumCertificateIds entry method=1, mask_prompt=00000003, p_cert_id_issuers_list=0x7ffc94511928, p_cert_id_end_list=0x7ffc94511920
gnupg-pkcs11-scd[3481.918992704]: PKCS#11: _pkcs11h_session_getSlotList entry provider=0x560f689f2090, token_present=1, pSlotList=0x7ffc945117e0, pulCount=0x7ffc945117e8
gnupg-pkcs11-scd[3481.918992704]: PKCS#11: _pkcs11h_session_getSlotList return rv=0-'CKR_OK' *pulCount=1
gnupg-pkcs11-scd[3481.918992704]: PKCS#11: _pkcs11h_token_getTokenId entry p_token_id=0x7ffc945117f8
gnupg-pkcs11-scd[3481.918992704]: PKCS#11: _pkcs11h_token_newTokenId entry p_token_id=0x7ffc94511760
gnupg-pkcs11-scd[3481.918992704]: PKCS#11: _pkcs11h_token_newTokenId return rv=0-'CKR_OK', *p_token_id=0x560f68a22b20
gnupg-pkcs11-scd[3481.918992704]: PKCS#11: _pkcs11h_token_getTokenId return rv=0-'CKR_OK', *p_token_id=0x560f68a22b20
gnupg-pkcs11-scd[3481.918992704]: PKCS#11: _pkcs11h_session_getSessionByTokenId entry token_id=0x560f68a22b20, p_session=0x7ffc945117f0
gnupg-pkcs11-scd[3481.918992704]: PKCS#11: Creating a new session
gnupg-pkcs11-scd[3481.918992704]: PKCS#11: pkcs11h_token_duplicateTokenId entry to=0x560f68a22fa8 form=0x560f68a22b20
gnupg-pkcs11-scd[3481.918992704]: PKCS#11: pkcs11h_token_duplicateTokenId return rv=0-'CKR_OK', *to=0x560f68a23010
gnupg-pkcs11-scd[3481.918992704]: PKCS#11: _pkcs11h_session_getSessionByTokenId return rv=0-'CKR_OK', *p_session=0x560f68a22f90
gnupg-pkcs11-scd[3481.918992704]: PKCS#11: _pkcs11h_certificate_enumSessionCertificates entry session=0x560f68a22f90, user_data=0x560f68a21310, mask_prompt=00000003
gnupg-pkcs11-scd[3481.918992704]: PKCS#11: _pkcs11h_session_validate entry session=0x560f68a22f90
gnupg-pkcs11-scd[3481.918992704]: PKCS#11: _pkcs11h_session_validate return rv=179-'CKR_SESSION_HANDLE_INVALID'
gnupg-pkcs11-scd[3481.918992704]: PKCS#11: Get certificate attributes failed: 179:'CKR_SESSION_HANDLE_INVALID'
gnupg-pkcs11-scd[3481.918992704]: PKCS#11: _pkcs11h_session_login entry session=0x560f68a22f90, is_publicOnly=1, readonly=1, user_data=0x560f68a21310, mask_prompt=00000001
gnupg-pkcs11-scd[3481.918992704]: PKCS#11: _pkcs11h_session_logout entry session=0x560f68a22f90
gnupg-pkcs11-scd[3481.918992704]: PKCS#11: _pkcs11h_session_logout return
gnupg-pkcs11-scd[3481.918992704]: PKCS#11: _pkcs11h_session_reset entry session=0x560f68a22f90, user_data=0x560f68a21310, mask_prompt=00000001, p_slot=0x7ffc94511258
gnupg-pkcs11-scd[3481.918992704]: PKCS#11: _pkcs11h_session_reset Expected token manufacturerID='Aktiv Co.' model='Rutoken ECP', serialNumber='35715afc', label='rutoken_blue'
gnupg-pkcs11-scd[3481.918992704]: PKCS#11: _pkcs11h_session_getSlotList entry provider=0x560f689f2090, token_present=1, pSlotList=0x7ffc94511108, pulCount=0x7ffc94511110
gnupg-pkcs11-scd[3481.918992704]: PKCS#11: _pkcs11h_session_getSlotList return rv=0-'CKR_OK' *pulCount=1
gnupg-pkcs11-scd[3481.918992704]: PKCS#11: _pkcs11h_token_getTokenId entry p_token_id=0x7ffc94511118
gnupg-pkcs11-scd[3481.918992704]: PKCS#11: _pkcs11h_token_newTokenId entry p_token_id=0x7ffc94511080
gnupg-pkcs11-scd[3481.918992704]: PKCS#11: _pkcs11h_token_newTokenId return rv=0-'CKR_OK', *p_token_id=0x560f68a235a0
gnupg-pkcs11-scd[3481.918992704]: PKCS#11: _pkcs11h_token_getTokenId return rv=0-'CKR_OK', *p_token_id=0x560f68a235a0
gnupg-pkcs11-scd[3481.918992704]: PKCS#11: _pkcs11h_session_reset Found token manufacturerID='Aktiv Co.' model='Rutoken ECP', serialNumber='35715afc', label='rutoken_blue'
gnupg-pkcs11-scd[3481.918992704]: PKCS#11: pkcs11h_token_freeTokenId entry certificate_id=0x560f68a235a0
gnupg-pkcs11-scd[3481.918992704]: PKCS#11: pkcs11h_token_freeTokenId return
gnupg-pkcs11-scd[3481.918992704]: PKCS#11: _pkcs11h_session_reset return rv=0-'CKR_OK', *p_slot=0
gnupg-pkcs11-scd[3481.918992704]: PKCS#11: _pkcs11h_session_login return rv=0-'CKR_OK'
gnupg-pkcs11-scd[3481.918992704]: PKCS#11: _pkcs11h_session_validate entry session=0x560f68a22f90
gnupg-pkcs11-scd[3481.918992704]: PKCS#11: _pkcs11h_session_validate session->pin_expire_time=0, time=1569844136
gnupg-pkcs11-scd[3481.918992704]: PKCS#11: _pkcs11h_session_validate return rv=0-'CKR_OK'
gnupg-pkcs11-scd[3481.918992704]: PKCS#11: _pkcs11h_session_findObjects entry session=0x560f68a22f90, filter=0x7ffc94511700, filter_attrs=1, p_objects=0x7ffc945116e0, p_objects_found=0x7ffc945116e8
gnupg-pkcs11-scd[3481.918992704]: PKCS#11: _pkcs11h_session_findObjects return rv=0-'CKR_OK', *p_objects_found=1
gnupg-pkcs11-scd[3481.918992704]: PKCS#11: _pkcs11h_session_getObjectAttributes entry session=0x560f68a22f90, object=2181980062, attrs=0x7ffc94511720, count=2
gnupg-pkcs11-scd[3481.918992704]: PKCS#11: _pkcs11h_session_getObjectAttributes return rv=0-'CKR_OK'
gnupg-pkcs11-scd[3481.918992704]: PKCS#11: _pkcs11h_certificate_newCertificateId entry p_certificate_id=0x7ffc945116f0
gnupg-pkcs11-scd[3481.918992704]: PKCS#11: _pkcs11h_certificate_newCertificateId return rv=0-'CKR_OK', *p_certificate_id=0x560f68a25120
gnupg-pkcs11-scd[3481.918992704]: PKCS#11: pkcs11h_token_duplicateTokenId entry to=0x560f68a25120 form=0x560f68a23010
gnupg-pkcs11-scd[3481.918992704]: PKCS#11: pkcs11h_token_duplicateTokenId return rv=0-'CKR_OK', *to=0x560f68a25860
gnupg-pkcs11-scd[3481.918992704]: PKCS#11: __pkcs11h_certificate_updateCertificateIdDescription entry certificate_id=0x560f68a25120
gnupg-pkcs11-scd[3481.918992704]: PKCS#11: __pkcs11h_openssl_ex_data_free entered - parent=0x560f68a3f0c0, ptr=(nil), ad=0x560f68a3f128, idx=1, argl=0, argp=0x7fdc36e7a3dd
gnupg-pkcs11-scd[3481.918992704]: PKCS#11: __pkcs11h_certificate_updateCertificateIdDescription return displayName='/C=ru/ST=lenoblast/L=saint peterburg/O=russian post/OU=it/CN=russianpost.ru/emailAddress=sept_29@pochta.ru on rutoken_blue'
gnupg-pkcs11-scd[3481.918992704]: PKCS#11: _pkcs11h_session_freeObjectAttributes entry attrs=0x7ffc94511720, count=2
gnupg-pkcs11-scd[3481.918992704]: PKCS#11: _pkcs11h_session_freeObjectAttributes return
gnupg-pkcs11-scd[3481.918992704]: PKCS#11: _pkcs11h_certificate_enumSessionCertificates return rv=0-'CKR_OK'
gnupg-pkcs11-scd[3481.918992704]: PKCS#11: _pkcs11h_session_release entry session=0x560f68a22f90
gnupg-pkcs11-scd[3481.918992704]: PKCS#11: _pkcs11h_session_release return rv=0-'CKR_OK'
gnupg-pkcs11-scd[3481.918992704]: PKCS#11: pkcs11h_token_freeTokenId entry certificate_id=0x560f68a22b20
gnupg-pkcs11-scd[3481.918992704]: PKCS#11: pkcs11h_token_freeTokenId return
gnupg-pkcs11-scd[3481.918992704]: PKCS#11: pkcs11h_certificate_duplicateCertificateId entry to=0x560f68a26058 form=0x560f68a25120
gnupg-pkcs11-scd[3481.918992704]: PKCS#11: pkcs11h_certificate_duplicateCertificateId return rv=0-'CKR_OK', *to=0x560f68a23f10
gnupg-pkcs11-scd[3481.918992704]: PKCS#11: __pkcs11h_certificate_splitCertificateIdList entry cert_id_all=0x560f68a26050, p_cert_id_issuers_list=0x7ffc94511928, p_cert_id_end_list=0x7ffc94511920
gnupg-pkcs11-scd[3481.918992704]: PKCS#11: pkcs11h_certificate_duplicateCertificateId entry to=0x560f68a260b8 form=0x560f68a23f10
gnupg-pkcs11-scd[3481.918992704]: PKCS#11: pkcs11h_certificate_duplicateCertificateId return rv=0-'CKR_OK', *to=0x560f68a3f670
gnupg-pkcs11-scd[3481.918992704]: PKCS#11: __pkcs11h_certificate_splitCertificateIdList return rv=0-'CKR_OK'
gnupg-pkcs11-scd[3481.918992704]: PKCS#11: pkcs11h_certificate_freeCertificateIdList entry cert_id_list=0x560f68a26050
gnupg-pkcs11-scd[3481.918992704]: PKCS#11: pkcs11h_certificate_freeCertificateId entry certificate_id=0x560f68a23f10
gnupg-pkcs11-scd[3481.918992704]: PKCS#11: pkcs11h_token_freeTokenId entry certificate_id=0x560f68a22b20
gnupg-pkcs11-scd[3481.918992704]: PKCS#11: pkcs11h_token_freeTokenId return
gnupg-pkcs11-scd[3481.918992704]: PKCS#11: pkcs11h_certificate_freeCertificateId return
gnupg-pkcs11-scd[3481.918992704]: PKCS#11: pkcs11h_certificate_freeCertificateIdList return
gnupg-pkcs11-scd[3481.918992704]: PKCS#11: pkcs11h_certificate_enumCertificateIds return rv=0-'CKR_OK'
gnupg-pkcs11-scd[3481.918992704]: PKCS#11: pkcs11h_certificate_create entry certificate_id=0x560f68a3f670, user_data=0x560f68a21310, mask_prompt=00000003, pin_cache_period=-1, p_certificate=0x7ffc945117e8
gnupg-pkcs11-scd[3481.918992704]: PKCS#11: pkcs11h_certificate_duplicateCertificateId entry to=0x560f68a25d70 form=0x560f68a3f670
gnupg-pkcs11-scd[3481.918992704]: PKCS#11: pkcs11h_certificate_duplicateCertificateId return rv=0-'CKR_OK', *to=0x560f68a3f240
gnupg-pkcs11-scd[3481.918992704]: PKCS#11: _pkcs11h_session_getSessionByTokenId entry token_id=0x560f68a23f10, p_session=0x560f68a25d80
gnupg-pkcs11-scd[3481.918992704]: PKCS#11: Using cached session
gnupg-pkcs11-scd[3481.918992704]: PKCS#11: _pkcs11h_session_getSessionByTokenId return rv=0-'CKR_OK', *p_session=0x560f68a22f90
gnupg-pkcs11-scd[3481.918992704]: PKCS#11: pkcs11h_certificate_create return rv=0-'CKR_OK' *p_certificate=0x560f68a25d70
gnupg-pkcs11-scd[3481.918992704]: PKCS#11: pkcs11h_certificate_getCertificateBlob entry certificate=0x560f68a25d70, certificate_blob=(nil), *p_certificate_blob_size=0000000000000000
gnupg-pkcs11-scd[3481.918992704]: PKCS#11: pkcs11h_certificate_getCertificateBlob return rv=0-'CKR_OK'
gnupg-pkcs11-scd[3481.918992704]: PKCS#11: pkcs11h_certificate_getCertificateBlob entry certificate=0x560f68a25d70, certificate_blob=0x560f68a40340, *p_certificate_blob_size=000000000000041b
gnupg-pkcs11-scd[3481.918992704]: PKCS#11: pkcs11h_certificate_getCertificateBlob return rv=0-'CKR_OK'
gnupg-pkcs11-scd[3481.918992704]: PKCS#11: pkcs11h_certificate_freeCertificate entry certificate=0x560f68a25d70
gnupg-pkcs11-scd[3481.918992704]: PKCS#11: _pkcs11h_session_release entry session=0x560f68a22f90
gnupg-pkcs11-scd[3481.918992704]: PKCS#11: _pkcs11h_session_release return rv=0-'CKR_OK'
gnupg-pkcs11-scd[3481.918992704]: PKCS#11: pkcs11h_certificate_freeCertificateId entry certificate_id=0x560f68a3f240
gnupg-pkcs11-scd[3481.918992704]: PKCS#11: pkcs11h_token_freeTokenId entry certificate_id=0x560f68a23f10
gnupg-pkcs11-scd[3481.918992704]: PKCS#11: pkcs11h_token_freeTokenId return
gnupg-pkcs11-scd[3481.918992704]: PKCS#11: pkcs11h_certificate_freeCertificateId return
gnupg-pkcs11-scd[3481.918992704]: PKCS#11: pkcs11h_certificate_freeCertificate return
gnupg-pkcs11-scd[3481.918992704]: PKCS#11: __pkcs11h_openssl_ex_data_free entered - parent=0x560f68a3f0c0, ptr=(nil), ad=0x560f68a3f128, idx=1, argl=0, argp=0x7fdc36e7a3dd
gnupg-pkcs11-scd[3481.918992704]: PKCS#11: pkcs11h_certificate_serializeCertificateId entry sz=(nil), *max=0000000000000000, certificate_id=0x560f68a3f670
gnupg-pkcs11-scd[3481.918992704]: PKCS#11: pkcs11h_token_serializeTokenId entry sz=(nil), *max=0000000000000000, token_id=0x560f68a3faa0
gnupg-pkcs11-scd[3481.918992704]: PKCS#11: pkcs11h_token_serializeTokenId return rv=0-'CKR_OK', *max=0000000000000035, sz='(null)'
gnupg-pkcs11-scd[3481.918992704]: PKCS#11: pkcs11h_certificate_serializeCertificateId return rv=0-'CKR_OK', *max=0000000000000038, sz='(null)'
gnupg-pkcs11-scd[3481.918992704]: PKCS#11: pkcs11h_certificate_serializeCertificateId entry sz=0x560f68a25000, *max=0000000000000038, certificate_id=0x560f68a3f670
gnupg-pkcs11-scd[3481.918992704]: PKCS#11: pkcs11h_token_serializeTokenId entry sz=0x560f68a25000, *max=0000000000000038, token_id=0x560f68a3faa0
gnupg-pkcs11-scd[3481.918992704]: PKCS#11: pkcs11h_token_serializeTokenId return rv=0-'CKR_OK', *max=0000000000000035, sz='Aktiv\x20Co\x2E/Rutoken\x20ECP/35715afc/rutoken_blue'
gnupg-pkcs11-scd[3481.918992704]: PKCS#11: pkcs11h_certificate_serializeCertificateId return rv=0-'CKR_OK', *max=0000000000000038, sz='Aktiv\x20Co\x2E/Rutoken\x20ECP/35715afc/rutoken_blue/01'
gnupg-pkcs11-scd[3481]: chan_0 -> S KEY-FRIEDNLY BEDF773D43C5B817E5B7DA164DA6DF21B9F44C2A /C=ru/ST=lenoblast/L=saint peterburg/O=russian post/OU=it/CN=russianpost.ru/emailAddress=sept_29@pochta.ru on rutoken_blue
gnupg-pkcs11-scd[3481]: chan_0 -> S KEY-FPR 1 BEDF773D43C5B817E5B7DA164DA6DF21B9F44C2A
gnupg-pkcs11-scd[3481]: chan_0 -> S CERTINFO 101 Aktiv\x20Co\x2E/Rutoken\x20ECP/35715afc/rutoken_blue/01
gnupg-pkcs11-scd[3481]: chan_0 -> S KEYPAIRINFO BEDF773D43C5B817E5B7DA164DA6DF21B9F44C2A Aktiv\x20Co\x2E/Rutoken\x20ECP/35715afc/rutoken_blue/01
gnupg-pkcs11-scd[3481.918992704]: PKCS#11: pkcs11h_certificate_freeCertificateIdList entry cert_id_list=0x560f68a260b0
gnupg-pkcs11-scd[3481.918992704]: PKCS#11: pkcs11h_certificate_freeCertificateId entry certificate_id=0x560f68a3f670
gnupg-pkcs11-scd[3481.918992704]: PKCS#11: pkcs11h_token_freeTokenId entry certificate_id=0x560f68a3faa0
gnupg-pkcs11-scd[3481.918992704]: PKCS#11: pkcs11h_token_freeTokenId return
gnupg-pkcs11-scd[3481.918992704]: PKCS#11: pkcs11h_certificate_freeCertificateId return
gnupg-pkcs11-scd[3481.918992704]: PKCS#11: pkcs11h_certificate_freeCertificateIdList return
gnupg-pkcs11-scd[3481]: chan_0 -> OK
gnupg-pkcs11-scd[3481]: chan_0 <- READKEY Aktiv\x20Co\x2E/Rutoken\x20ECP/35715afc/rutoken_blue/01
gnupg-pkcs11-scd[3481]: chan_0 -> ERR 19 Bad session key <Unspecified source>
gnupg-pkcs11-scd[3481]: chan_0 <- RESTART
gnupg-pkcs11-scd[3481]: chan_0 -> OK
